Questions done: 40
Status: STARTING
Accuracy info: No results yet
Progress email sent successfully at 2025-09-27 02:00:01
Questions done: 136
Status: IN_PROGRESS
Accuracy info: {'Old PhraseDP + Batch Options (FIXED)': {'correct': 106, 'total': 135, 'percentage': 78.51851851851852}, 'InferDPT (No Batch)': {'correct': 69, 'total': 135, 'percentage': 51.11111111111111}, 'SANTEXT+ (No Batch)': {'correct': 82, 'total': 135, 'percentage': 60.74074074074074}}
Progress email sent successfully at 2025-09-27 03:00:01
Questions done: 236
Status: IN_PROGRESS
Accuracy info: {'Old PhraseDP + Batch Options (FIXED)': {'correct': 169, 'total': 235, 'percentage': 71.91489361702128}, 'InferDPT (No Batch)': {'correct': 113, 'total': 235, 'percentage': 48.08510638297872}, 'SANTEXT+ (No Batch)': {'correct': 128, 'total': 235, 'percentage': 54.46808510638298}}
Progress email sent successfully at 2025-09-27 04:00:02
Questions done: 340
Status: IN_PROGRESS
Accuracy info: {'Old PhraseDP + Batch Options (FIXED)': {'correct': 229, 'total': 340, 'percentage': 67.3529411764706}, 'InferDPT (No Batch)': {'correct': 160, 'total': 339, 'percentage': 47.1976401179941}, 'SANTEXT+ (No Batch)': {'correct': 178, 'total': 339, 'percentage': 52.50737463126843}}
Progress email sent successfully at 2025-09-27 05:00:03
Questions done: 444
Status: IN_PROGRESS
Accuracy info: {'Old PhraseDP + Batch Options (FIXED)': {'correct': 304, 'total': 444, 'percentage': 68.46846846846847}, 'InferDPT (No Batch)': {'correct': 210, 'total': 443, 'percentage': 47.40406320541761}, 'SANTEXT+ (No Batch)': {'correct': 237, 'total': 443, 'percentage': 53.49887133182845}}
Progress email sent successfully at 2025-09-27 06:00:06
Questions done: 500
Status: COMPLETED
Accuracy info: {'FINAL RESULTS - THREE SCENARIO TEST\n==================================================\n3.1.2. Private Local Model + CoT (Old Phrase DP with Batch Perturbed Options) - FIXED Accuracy': {'correct': 335, 'total': 500, 'percentage': 67.0}, '3.2. Private Local Model + CoT (InferDPT WITHOUT Batch Options) Accuracy': {'correct': 237, 'total': 500, 'percentage': 47.4}, '3.3. Private Local Model + CoT (SANTEXT+ WITHOUT Batch Options) Accuracy': {'correct': 266, 'total': 500, 'percentage': 53.2}}
Progress email sent successfully at 2025-09-27 07:00:01
Questions done: 500
Status: COMPLETED
Accuracy info: {'FINAL RESULTS - THREE SCENARIO TEST\n==================================================\n3.1.2. Private Local Model + CoT (Old Phrase DP with Batch Perturbed Options) - FIXED Accuracy': {'correct': 335, 'total': 500, 'percentage': 67.0}, '3.2. Private Local Model + CoT (InferDPT WITHOUT Batch Options) Accuracy': {'correct': 237, 'total': 500, 'percentage': 47.4}, '3.3. Private Local Model + CoT (SANTEXT+ WITHOUT Batch Options) Accuracy': {'correct': 266, 'total': 500, 'percentage': 53.2}}
Progress email sent successfully at 2025-09-27 08:00:01
Questions done: 500
Status: COMPLETED
Accuracy info: {'FINAL RESULTS - THREE SCENARIO TEST\n==================================================\n3.1.2. Private Local Model + CoT (Old Phrase DP with Batch Perturbed Options) - FIXED Accuracy': {'correct': 335, 'total': 500, 'percentage': 67.0}, '3.2. Private Local Model + CoT (InferDPT WITHOUT Batch Options) Accuracy': {'correct': 237, 'total': 500, 'percentage': 47.4}, '3.3. Private Local Model + CoT (SANTEXT+ WITHOUT Batch Options) Accuracy': {'correct': 266, 'total': 500, 'percentage': 53.2}}
Progress email sent successfully at 2025-09-27 09:00:01
Questions done: 500
Status: COMPLETED
Accuracy info: {'FINAL RESULTS - THREE SCENARIO TEST\n==================================================\n3.1.2. Private Local Model + CoT (Old Phrase DP with Batch Perturbed Options) - FIXED Accuracy': {'correct': 335, 'total': 500, 'percentage': 67.0}, '3.2. Private Local Model + CoT (InferDPT WITHOUT Batch Options) Accuracy': {'correct': 237, 'total': 500, 'percentage': 47.4}, '3.3. Private Local Model + CoT (SANTEXT+ WITHOUT Batch Options) Accuracy': {'correct': 266, 'total': 500, 'percentage': 53.2}}
Progress email sent successfully at 2025-09-27 10:00:01
Questions done: 500
Status: COMPLETED
Accuracy info: {'FINAL RESULTS - THREE SCENARIO TEST\n==================================================\n3.1.2. Private Local Model + CoT (Old Phrase DP with Batch Perturbed Options) - FIXED Accuracy': {'correct': 335, 'total': 500, 'percentage': 67.0}, '3.2. Private Local Model + CoT (InferDPT WITHOUT Batch Options) Accuracy': {'correct': 237, 'total': 500, 'percentage': 47.4}, '3.3. Private Local Model + CoT (SANTEXT+ WITHOUT Batch Options) Accuracy': {'correct': 266, 'total': 500, 'percentage': 53.2}}
Progress email sent successfully at 2025-09-27 11:00:01
Questions done: 500
Status: COMPLETED
Accuracy info: {'FINAL RESULTS - THREE SCENARIO TEST\n==================================================\n3.1.2. Private Local Model + CoT (Old Phrase DP with Batch Perturbed Options) - FIXED Accuracy': {'correct': 335, 'total': 500, 'percentage': 67.0}, '3.2. Private Local Model + CoT (InferDPT WITHOUT Batch Options) Accuracy': {'correct': 237, 'total': 500, 'percentage': 47.4}, '3.3. Private Local Model + CoT (SANTEXT+ WITHOUT Batch Options) Accuracy': {'correct': 266, 'total': 500, 'percentage': 53.2}}
Progress email sent successfully at 2025-09-27 12:00:01
Questions done: 500
Status: COMPLETED
Accuracy info: {'FINAL RESULTS - THREE SCENARIO TEST\n==================================================\n3.1.2. Private Local Model + CoT (Old Phrase DP with Batch Perturbed Options) - FIXED Accuracy': {'correct': 335, 'total': 500, 'percentage': 67.0}, '3.2. Private Local Model + CoT (InferDPT WITHOUT Batch Options) Accuracy': {'correct': 237, 'total': 500, 'percentage': 47.4}, '3.3. Private Local Model + CoT (SANTEXT+ WITHOUT Batch Options) Accuracy': {'correct': 266, 'total': 500, 'percentage': 53.2}}
Progress email sent successfully at 2025-09-27 13:00:01
